[     303ms] [INFO] Download the React DevTools for a better development experience: https://react.dev/link/react-devtools @ http://localhost:3000/_next/static/chunks/0k5d_next_dist_1qmvpb9._.js:2477
[     308ms] [TIMESTAMP] Server Requests Track @ http://localhost:3000/_next/static/chunks/0k5d_next_dist_compiled_react-server-dom-turbopack_0pvk2an._.js:710
[     308ms] [TIMESTAMP] Server Components Track @ http://localhost:3000/_next/static/chunks/0k5d_next_dist_compiled_react-server-dom-turbopack_0pvk2an._.js:710
[     418ms] [LOG] [HMR] connected @ http://localhost:3000/_next/static/chunks/0k5d_next_dist_1qmvpb9._.js:2477
[     495ms] [TIMESTAMP] Blocking Track @ http://localhost:3000/_next/static/chunks/0k5d_next_dist_compiled_react-dom_1ep3e0o._.js:9246
[     496ms] [TIMESTAMP] Transition Track @ http://localhost:3000/_next/static/chunks/0k5d_next_dist_compiled_react-dom_1ep3e0o._.js:9246
[     498ms] [TIMESTAMP] Suspense Track @ http://localhost:3000/_next/static/chunks/0k5d_next_dist_compiled_react-dom_1ep3e0o._.js:9246
[     498ms] [TIMESTAMP] Idle Track @ http://localhost:3000/_next/static/chunks/0k5d_next_dist_compiled_react-dom_1ep3e0o._.js:9246
[     523ms] [TIMESTAMP] Blocked @ http://localhost:3000/_next/static/chunks/0k5d_next_dist_compiled_react-dom_1ep3e0o._.js:9057
[     536ms] [TIMESTAMP] Blocked @ http://localhost:3000/_next/static/chunks/0k5d_next_dist_compiled_react-dom_1ep3e0o._.js:9057
[     565ms] [TIMESTAMP] Blocked @ http://localhost:3000/_next/static/chunks/0k5d_next_dist_compiled_react-dom_1ep3e0o._.js:9057
[     597ms] [TIMESTAMP] Blocked @ http://localhost:3000/_next/static/chunks/0k5d_next_dist_compiled_react-dom_1ep3e0o._.js:9057
[     619ms] [TIMESTAMP] Server Requests Track @ http://localhost:3000/_next/static/chunks/0k5d_next_dist_compiled_react-server-dom-turbopack_0pvk2an._.js:710
[     619ms] [TIMESTAMP] Server Components Track @ http://localhost:3000/_next/static/chunks/0k5d_next_dist_compiled_react-server-dom-turbopack_0pvk2an._.js:710
[     620ms] [TIMESTAMP] ​Preloads @ http://localhost:3000/_next/static/chunks/0k5d_next_dist_compiled_react-server-dom-turbopack_0pvk2an._.js:2219
[     656ms] [TIMESTAMP] ​HTTPAccessErrorFallback @ http://localhost:3000/_next/static/chunks/0k5d_next_dist_compiled_react-server-dom-turbopack_0pvk2an._.js:2219
[     656ms] [TIMESTAMP] ​NotFound @ http://localhost:3000/_next/static/chunks/0k5d_next_dist_compiled_react-server-dom-turbopack_0pvk2an._.js:2219
[     656ms] [TIMESTAMP] ​RootLayout @ http://localhost:3000/_next/static/chunks/0k5d_next_dist_compiled_react-server-dom-turbopack_0pvk2an._.js:2219
[     657ms] [TIMESTAMP] ​Button @ http://localhost:3000/_next/static/chunks/0k5d_next_dist_compiled_react-server-dom-turbopack_0pvk2an._.js:2219
[     657ms] [TIMESTAMP] ​Navbar @ http://localhost:3000/_next/static/chunks/0k5d_next_dist_compiled_react-server-dom-turbopack_0pvk2an._.js:2219
[     657ms] [TIMESTAMP] ​Button @ http://localhost:3000/_next/static/chunks/0k5d_next_dist_compiled_react-server-dom-turbopack_0pvk2an._.js:2219
[     657ms] [TIMESTAMP] ​Button @ http://localhost:3000/_next/static/chunks/0k5d_next_dist_compiled_react-server-dom-turbopack_0pvk2an._.js:2219
[     657ms] [TIMESTAMP] ​MockPage1 @ http://localhost:3000/_next/static/chunks/0k5d_next_dist_compiled_react-server-dom-turbopack_0pvk2an._.js:2219
[     657ms] [TIMESTAMP] ​KindlePage @ http://localhost:3000/_next/static/chunks/0k5d_next_dist_compiled_react-server-dom-turbopack_0pvk2an._.js:2219
[     657ms] [TIMESTAMP] ​MockPage2 @ http://localhost:3000/_next/static/chunks/0k5d_next_dist_compiled_react-server-dom-turbopack_0pvk2an._.js:2219
[     657ms] [TIMESTAMP] ​KindlePage @ http://localhost:3000/_next/static/chunks/0k5d_next_dist_compiled_react-server-dom-turbopack_0pvk2an._.js:2219
[     657ms] [TIMESTAMP] ​MockPage3 @ http://localhost:3000/_next/static/chunks/0k5d_next_dist_compiled_react-server-dom-turbopack_0pvk2an._.js:2219
[     658ms] [TIMESTAMP] ​KindlePage @ http://localhost:3000/_next/static/chunks/0k5d_next_dist_compiled_react-server-dom-turbopack_0pvk2an._.js:2219
[     658ms] [TIMESTAMP] ​KindleIllustration @ http://localhost:3000/_next/static/chunks/0k5d_next_dist_compiled_react-server-dom-turbopack_0pvk2an._.js:2219
[     658ms] [TIMESTAMP] ​Hero @ http://localhost:3000/_next/static/chunks/0k5d_next_dist_compiled_react-server-dom-turbopack_0pvk2an._.js:2219
[     658ms] [TIMESTAMP] ​SocialProofBar @ http://localhost:3000/_next/static/chunks/0k5d_next_dist_compiled_react-server-dom-turbopack_0pvk2an._.js:2219
[     658ms] [TIMESTAMP] ​FeatureCard @ http://localhost:3000/_next/static/chunks/0k5d_next_dist_compiled_react-server-dom-turbopack_0pvk2an._.js:2219
[     658ms] [TIMESTAMP] ​FeatureCard @ http://localhost:3000/_next/static/chunks/0k5d_next_dist_compiled_react-server-dom-turbopack_0pvk2an._.js:2219
[     658ms] [TIMESTAMP] ​FeatureCard @ http://localhost:3000/_next/static/chunks/0k5d_next_dist_compiled_react-server-dom-turbopack_0pvk2an._.js:2219
[     659ms] [TIMESTAMP] ​FeatureCard @ http://localhost:3000/_next/static/chunks/0k5d_next_dist_compiled_react-server-dom-turbopack_0pvk2an._.js:2219
[     659ms] [TIMESTAMP] ​FeatureCard @ http://localhost:3000/_next/static/chunks/0k5d_next_dist_compiled_react-server-dom-turbopack_0pvk2an._.js:2219
[     659ms] [TIMESTAMP] ​FeatureCard @ http://localhost:3000/_next/static/chunks/0k5d_next_dist_compiled_react-server-dom-turbopack_0pvk2an._.js:2219
[     659ms] [TIMESTAMP] ​FeaturesGrid @ http://localhost:3000/_next/static/chunks/0k5d_next_dist_compiled_react-server-dom-turbopack_0pvk2an._.js:2219
[     659ms] [TIMESTAMP] ​StepItem @ http://localhost:3000/_next/static/chunks/0k5d_next_dist_compiled_react-server-dom-turbopack_0pvk2an._.js:2219
[     659ms] [TIMESTAMP] ​StepItem @ http://localhost:3000/_next/static/chunks/0k5d_next_dist_compiled_react-server-dom-turbopack_0pvk2an._.js:2219
[     659ms] [TIMESTAMP] ​StepItem @ http://localhost:3000/_next/static/chunks/0k5d_next_dist_compiled_react-server-dom-turbopack_0pvk2an._.js:2219
[     659ms] [TIMESTAMP] ​StepItem @ http://localhost:3000/_next/static/chunks/0k5d_next_dist_compiled_react-server-dom-turbopack_0pvk2an._.js:2219
[     659ms] [TIMESTAMP] ​HowItWorks @ http://localhost:3000/_next/static/chunks/0k5d_next_dist_compiled_react-server-dom-turbopack_0pvk2an._.js:2219
[     660ms] [TIMESTAMP] ​StepItem @ http://localhost:3000/_next/static/chunks/0k5d_next_dist_compiled_react-server-dom-turbopack_0pvk2an._.js:2219
[     660ms] [TIMESTAMP] ​StepItem @ http://localhost:3000/_next/static/chunks/0k5d_next_dist_compiled_react-server-dom-turbopack_0pvk2an._.js:2219
[     660ms] [TIMESTAMP] ​StepItem @ http://localhost:3000/_next/static/chunks/0k5d_next_dist_compiled_react-server-dom-turbopack_0pvk2an._.js:2219
[     660ms] [TIMESTAMP] ​StepItem @ http://localhost:3000/_next/static/chunks/0k5d_next_dist_compiled_react-server-dom-turbopack_0pvk2an._.js:2219
[     661ms] [TIMESTAMP] ​StepItem @ http://localhost:3000/_next/static/chunks/0k5d_next_dist_compiled_react-server-dom-turbopack_0pvk2an._.js:2219
[     661ms] [TIMESTAMP] ​KindleSetup @ http://localhost:3000/_next/static/chunks/0k5d_next_dist_compiled_react-server-dom-turbopack_0pvk2an._.js:2219
[     661ms] [TIMESTAMP] ​PrivacySection @ http://localhost:3000/_next/static/chunks/0k5d_next_dist_compiled_react-server-dom-turbopack_0pvk2an._.js:2219
[     661ms] [TIMESTAMP] ​Button @ http://localhost:3000/_next/static/chunks/0k5d_next_dist_compiled_react-server-dom-turbopack_0pvk2an._.js:2219
[     661ms] [TIMESTAMP] ​CtaBanner @ http://localhost:3000/_next/static/chunks/0k5d_next_dist_compiled_react-server-dom-turbopack_0pvk2an._.js:2219
[     661ms] [TIMESTAMP] ​Footer @ http://localhost:3000/_next/static/chunks/0k5d_next_dist_compiled_react-server-dom-turbopack_0pvk2an._.js:2219
[     661ms] [TIMESTAMP] ​Home @ http://localhost:3000/_next/static/chunks/0k5d_next_dist_compiled_react-server-dom-turbopack_0pvk2an._.js:2219
[     664ms] [TIMESTAMP] ​Next.MetadataOutlet @ http://localhost:3000/_next/static/chunks/0k5d_next_dist_compiled_react-server-dom-turbopack_0pvk2an._.js:2219
[     664ms] [TIMESTAMP] ​NonIndex @ http://localhost:3000/_next/static/chunks/0k5d_next_dist_compiled_react-server-dom-turbopack_0pvk2an._.js:2219
[     664ms] [TIMESTAMP] ​Next.Viewport @ http://localhost:3000/_next/static/chunks/0k5d_next_dist_compiled_react-server-dom-turbopack_0pvk2an._.js:2219
[     664ms] [TIMESTAMP] ​ViewportWrapper @ http://localhost:3000/_next/static/chunks/0k5d_next_dist_compiled_react-server-dom-turbopack_0pvk2an._.js:2219
[     664ms] [TIMESTAMP] ​Next.Metadata @ http://localhost:3000/_next/static/chunks/0k5d_next_dist_compiled_react-server-dom-turbopack_0pvk2an._.js:2219
[     665ms] [TIMESTAMP] ​MetadataWrapper @ http://localhost:3000/_next/static/chunks/0k5d_next_dist_compiled_react-server-dom-turbopack_0pvk2an._.js:2219
[     665ms] [TIMESTAMP] Blocked @ http://localhost:3000/_next/static/chunks/0k5d_next_dist_compiled_react-dom_1ep3e0o._.js:9057
[     666ms] [TIMESTAMP] Hydrated @ http://localhost:3000/_next/static/chunks/0k5d_next_dist_compiled_react-dom_1ep3e0o._.js:9696
[     676ms] [TIMESTAMP] Commit @ http://localhost:3000/_next/static/chunks/0k5d_next_dist_compiled_react-dom_1ep3e0o._.js:2915
[     677ms] [TIMESTAMP] Waiting for Paint @ http://localhost:3000/_next/static/chunks/0k5d_next_dist_compiled_react-dom_1ep3e0o._.js:9989
[     677ms] [TIMESTAMP] Root @ http://localhost:3000/_next/static/chunks/0k5d_next_dist_compiled_react-dom_1ep3e0o._.js:2804
[     678ms] [TIMESTAMP] ServerRoot @ http://localhost:3000/_next/static/chunks/0k5d_next_dist_compiled_react-dom_1ep3e0o._.js:2804
[     678ms] [TIMESTAMP] AppRouter @ http://localhost:3000/_next/static/chunks/0k5d_next_dist_compiled_react-dom_1ep3e0o._.js:2804
[     678ms] [TIMESTAMP] RootErrorBoundary @ http://localhost:3000/_next/static/chunks/0k5d_next_dist_compiled_react-dom_1ep3e0o._.js:2804
[     678ms] [TIMESTAMP] ErrorBoundary @ http://localhost:3000/_next/static/chunks/0k5d_next_dist_compiled_react-dom_1ep3e0o._.js:2804
[     678ms] [TIMESTAMP] ErrorBoundaryHandler @ http://localhost:3000/_next/static/chunks/0k5d_next_dist_compiled_react-dom_1ep3e0o._.js:2804
[     678ms] [TIMESTAMP] Router @ http://localhost:3000/_next/static/chunks/0k5d_next_dist_compiled_react-dom_1ep3e0o._.js:2804
[     679ms] [TIMESTAMP] HistoryUpdater @ http://localhost:3000/_next/static/chunks/0k5d_next_dist_compiled_react-dom_1ep3e0o._.js:2804
[     679ms] [TIMESTAMP] HotReload @ http://localhost:3000/_next/static/chunks/0k5d_next_dist_compiled_react-dom_1ep3e0o._.js:2804
[     679ms] [TIMESTAMP] AppDevOverlayErrorBoundary @ http://localhost:3000/_next/static/chunks/0k5d_next_dist_compiled_react-dom_1ep3e0o._.js:2804
[     679ms] [TIMESTAMP] ReplaySsrOnlyErrors @ http://localhost:3000/_next/static/chunks/0k5d_next_dist_compiled_react-dom_1ep3e0o._.js:2804
[     679ms] [TIMESTAMP] DevRootHTTPAccessFallbackBoundary @ http://localhost:3000/_next/static/chunks/0k5d_next_dist_compiled_react-dom_1ep3e0o._.js:2804
[     679ms] [TIMESTAMP] HTTPAccessFallbackBoundary @ http://localhost:3000/_next/static/chunks/0k5d_next_dist_compiled_react-dom_1ep3e0o._.js:2804
[     679ms] [TIMESTAMP] HTTPAccessFallbackErrorBoundary @ http://localhost:3000/_next/static/chunks/0k5d_next_dist_compiled_react-dom_1ep3e0o._.js:2804
[     679ms] [TIMESTAMP] RedirectBoundary @ http://localhost:3000/_next/static/chunks/0k5d_next_dist_compiled_react-dom_1ep3e0o._.js:2804
[     680ms] [TIMESTAMP] RedirectErrorBoundary @ http://localhost:3000/_next/static/chunks/0k5d_next_dist_compiled_react-dom_1ep3e0o._.js:2804
[     680ms] [TIMESTAMP] Head @ http://localhost:3000/_next/static/chunks/0k5d_next_dist_compiled_react-dom_1ep3e0o._.js:2804
[     680ms] [TIMESTAMP] __next_root_layout_boundary__ @ http://localhost:3000/_next/static/chunks/0k5d_next_dist_compiled_react-dom_1ep3e0o._.js:2804
[     680ms] [TIMESTAMP] SegmentViewNode @ http://localhost:3000/_next/static/chunks/0k5d_next_dist_compiled_react-dom_1ep3e0o._.js:2804
[     680ms] [TIMESTAMP] SegmentTrieNode @ http://localhost:3000/_next/static/chunks/0k5d_next_dist_compiled_react-dom_1ep3e0o._.js:2804
[     681ms] [TIMESTAMP] OuterLayoutRouter @ http://localhost:3000/_next/static/chunks/0k5d_next_dist_compiled_react-dom_1ep3e0o._.js:2804
[     681ms] [TIMESTAMP] SegmentStateProvider @ http://localhost:3000/_next/static/chunks/0k5d_next_dist_compiled_react-dom_1ep3e0o._.js:2804
[     681ms] [TIMESTAMP] RenderFromTemplateContext @ http://localhost:3000/_next/static/chunks/0k5d_next_dist_compiled_react-dom_1ep3e0o._.js:2804
[     682ms] [TIMESTAMP] ScrollAndMaybeFocusHandler @ http://localhost:3000/_next/static/chunks/0k5d_next_dist_compiled_react-dom_1ep3e0o._.js:2804
[     682ms] [TIMESTAMP] InnerScrollAndFocusHandlerOld @ http://localhost:3000/_next/static/chunks/0k5d_next_dist_compiled_react-dom_1ep3e0o._.js:2804
[     682ms] [TIMESTAMP] ErrorBoundary @ http://localhost:3000/_next/static/chunks/0k5d_next_dist_compiled_react-dom_1ep3e0o._.js:2804
[     683ms] [TIMESTAMP] LoadingBoundary @ http://localhost:3000/_next/static/chunks/0k5d_next_dist_compiled_react-dom_1ep3e0o._.js:2804
[     683ms] [TIMESTAMP] HTTPAccessFallbackBoundary @ http://localhost:3000/_next/static/chunks/0k5d_next_dist_compiled_react-dom_1ep3e0o._.js:2804
[     683ms] [TIMESTAMP] HTTPAccessFallbackErrorBoundary @ http://localhost:3000/_next/static/chunks/0k5d_next_dist_compiled_react-dom_1ep3e0o._.js:2804
[     683ms] [TIMESTAMP] RedirectBoundary @ http://localhost:3000/_next/static/chunks/0k5d_next_dist_compiled_react-dom_1ep3e0o._.js:2804
[     683ms] [TIMESTAMP] RedirectErrorBoundary @ http://localhost:3000/_next/static/chunks/0k5d_next_dist_compiled_react-dom_1ep3e0o._.js:2804
[     684ms] [TIMESTAMP] InnerLayoutRouter @ http://localhost:3000/_next/static/chunks/0k5d_next_dist_compiled_react-dom_1ep3e0o._.js:2804
[     684ms] [TIMESTAMP] SegmentViewNode @ http://localhost:3000/_next/static/chunks/0k5d_next_dist_compiled_react-dom_1ep3e0o._.js:2804
[     684ms] [TIMESTAMP] SegmentTrieNode @ http://localhost:3000/_next/static/chunks/0k5d_next_dist_compiled_react-dom_1ep3e0o._.js:2804
[     684ms] [TIMESTAMP] AnimatedSection @ http://localhost:3000/_next/static/chunks/0k5d_next_dist_compiled_react-dom_1ep3e0o._.js:2804
[     684ms] [TIMESTAMP] AnimatedSection @ http://localhost:3000/_next/static/chunks/0k5d_next_dist_compiled_react-dom_1ep3e0o._.js:2804
[     684ms] [TIMESTAMP] AnimatedSection @ http://localhost:3000/_next/static/chunks/0k5d_next_dist_compiled_react-dom_1ep3e0o._.js:2804
[     684ms] [TIMESTAMP] AnimatedSection @ http://localhost:3000/_next/static/chunks/0k5d_next_dist_compiled_react-dom_1ep3e0o._.js:2804
[     685ms] [TIMESTAMP] AnimatedSection @ http://localhost:3000/_next/static/chunks/0k5d_next_dist_compiled_react-dom_1ep3e0o._.js:2804
[     685ms] [TIMESTAMP] AnimatedSection @ http://localhost:3000/_next/static/chunks/0k5d_next_dist_compiled_react-dom_1ep3e0o._.js:2804
[     686ms] [TIMESTAMP] __next_outlet_boundary__ @ http://localhost:3000/_next/static/chunks/0k5d_next_dist_compiled_react-dom_1ep3e0o._.js:2804
[     686ms] [TIMESTAMP] SegmentViewStateNode @ http://localhost:3000/_next/static/chunks/0k5d_next_dist_compiled_react-dom_1ep3e0o._.js:2804
[     686ms] [TIMESTAMP] SegmentViewNode @ http://localhost:3000/_next/static/chunks/0k5d_next_dist_compiled_react-dom_1ep3e0o._.js:2804
[     686ms] [TIMESTAMP] SegmentViewNode @ http://localhost:3000/_next/static/chunks/0k5d_next_dist_compiled_react-dom_1ep3e0o._.js:2804
[     686ms] [TIMESTAMP] SegmentTrieNode @ http://localhost:3000/_next/static/chunks/0k5d_next_dist_compiled_react-dom_1ep3e0o._.js:2804
[     686ms] [TIMESTAMP] AppRouterAnnouncer @ http://localhost:3000/_next/static/chunks/0k5d_next_dist_compiled_react-dom_1ep3e0o._.js:2804
[     687ms] [TIMESTAMP] AppRouterAnnouncer @ http://localhost:3000/_next/static/chunks/0k5d_next_dist_compiled_react-dom_1ep3e0o._.js:2874
[     687ms] [TIMESTAMP] Remaining Effects @ http://localhost:3000/_next/static/chunks/0k5d_next_dist_compiled_react-dom_1ep3e0o._.js:10005
[     687ms] [TIMESTAMP] Blocking Track @ http://localhost:3000/_next/static/chunks/0k5d_next_dist_compiled_react-dom_1ep3e0o._.js:9246
[     687ms] [TIMESTAMP] Transition Track @ http://localhost:3000/_next/static/chunks/0k5d_next_dist_compiled_react-dom_1ep3e0o._.js:9246
[     687ms] [TIMESTAMP] Suspense Track @ http://localhost:3000/_next/static/chunks/0k5d_next_dist_compiled_react-dom_1ep3e0o._.js:9246
[     687ms] [TIMESTAMP] Idle Track @ http://localhost:3000/_next/static/chunks/0k5d_next_dist_compiled_react-dom_1ep3e0o._.js:9246
[     687ms] [TIMESTAMP] Render @ http://localhost:3000/_next/static/chunks/0k5d_next_dist_compiled_react-dom_1ep3e0o._.js:9696
[     688ms] [TIMESTAMP] Commit @ http://localhost:3000/_next/static/chunks/0k5d_next_dist_compiled_react-dom_1ep3e0o._.js:2915
[     688ms] [TIMESTAMP] Blocking Track @ http://localhost:3000/_next/static/chunks/0k5d_next_dist_compiled_react-dom_1ep3e0o._.js:9246
[     688ms] [TIMESTAMP] Transition Track @ http://localhost:3000/_next/static/chunks/0k5d_next_dist_compiled_react-dom_1ep3e0o._.js:9246
[     688ms] [TIMESTAMP] Suspense Track @ http://localhost:3000/_next/static/chunks/0k5d_next_dist_compiled_react-dom_1ep3e0o._.js:9246
[     688ms] [TIMESTAMP] Idle Track @ http://localhost:3000/_next/static/chunks/0k5d_next_dist_compiled_react-dom_1ep3e0o._.js:9246
[     688ms] [TIMESTAMP] Render @ http://localhost:3000/_next/static/chunks/0k5d_next_dist_compiled_react-dom_1ep3e0o._.js:9696
[     688ms] [TIMESTAMP] Blocking Track @ http://localhost:3000/_next/static/chunks/0k5d_next_dist_compiled_react-dom_1ep3e0o._.js:9246
[     688ms] [TIMESTAMP] Transition Track @ http://localhost:3000/_next/static/chunks/0k5d_next_dist_compiled_react-dom_1ep3e0o._.js:9246
[     688ms] [TIMESTAMP] Suspense Track @ http://localhost:3000/_next/static/chunks/0k5d_next_dist_compiled_react-dom_1ep3e0o._.js:9246
[     689ms] [TIMESTAMP] Idle Track @ http://localhost:3000/_next/static/chunks/0k5d_next_dist_compiled_react-dom_1ep3e0o._.js:9246
[     689ms] [TIMESTAMP] Prepared @ http://localhost:3000/_next/static/chunks/0k5d_next_dist_compiled_react-dom_1ep3e0o._.js:9696
[     689ms] [TIMESTAMP] Commit @ http://localhost:3000/_next/static/chunks/0k5d_next_dist_compiled_react-dom_1ep3e0o._.js:2915
[     689ms] [TIMESTAMP] IconMark @ http://localhost:3000/_next/static/chunks/0k5d_next_dist_compiled_react-dom_1ep3e0o._.js:2804
[     690ms] [TIMESTAMP] Remaining Effects @ http://localhost:3000/_next/static/chunks/0k5d_next_dist_compiled_react-dom_1ep3e0o._.js:10005
[     690ms] [TIMESTAMP] Blocking Track @ http://localhost:3000/_next/static/chunks/0k5d_next_dist_compiled_react-dom_1ep3e0o._.js:9246
[     690ms] [TIMESTAMP] Transition Track @ http://localhost:3000/_next/static/chunks/0k5d_next_dist_compiled_react-dom_1ep3e0o._.js:9246
[     690ms] [TIMESTAMP] Suspense Track @ http://localhost:3000/_next/static/chunks/0k5d_next_dist_compiled_react-dom_1ep3e0o._.js:9246
[     690ms] [TIMESTAMP] Idle Track @ http://localhost:3000/_next/static/chunks/0k5d_next_dist_compiled_react-dom_1ep3e0o._.js:9246
[     690ms] [TIMESTAMP] Render @ http://localhost:3000/_next/static/chunks/0k5d_next_dist_compiled_react-dom_1ep3e0o._.js:9696
[   10196ms] [WARNING] [JavaScript Warning: "The resource at “http://localhost:3000/_next/static/media/83afe278b6a6bb3c-s.p.2bn3s6zvc0dyp.woff2” preloaded with link preload was not used within a few seconds. Make sure all attributes of the preload tag are set correctly." {file: "http://localhost:3000/" line: 0}] @ http://localhost:3000/:0
[   10196ms] [WARNING] [JavaScript Warning: "The resource at “http://localhost:3000/_next/static/media/8c2eb9ceedecfc8e-s.p.23aeddxv5enbo.woff2” preloaded with link preload was not used within a few seconds. Make sure all attributes of the preload tag are set correctly." {file: "http://localhost:3000/" line: 0}] @ http://localhost:3000/:0
[   36976ms] [TIMESTAMP] Blocking Track @ http://localhost:3000/_next/static/chunks/0k5d_next_dist_compiled_react-dom_1ep3e0o._.js:9246
[   36976ms] [TIMESTAMP] Transition Track @ http://localhost:3000/_next/static/chunks/0k5d_next_dist_compiled_react-dom_1ep3e0o._.js:9246
[   36976ms] [TIMESTAMP] Suspense Track @ http://localhost:3000/_next/static/chunks/0k5d_next_dist_compiled_react-dom_1ep3e0o._.js:9246
[   36977ms] [TIMESTAMP] Idle Track @ http://localhost:3000/_next/static/chunks/0k5d_next_dist_compiled_react-dom_1ep3e0o._.js:9246
[   36979ms] [TIMESTAMP] Render @ http://localhost:3000/_next/static/chunks/0k5d_next_dist_compiled_react-dom_1ep3e0o._.js:9696
[   36981ms] [TIMESTAMP] Commit @ http://localhost:3000/_next/static/chunks/0k5d_next_dist_compiled_react-dom_1ep3e0o._.js:2915
[   36982ms] [TIMESTAMP] Waiting for Paint @ http://localhost:3000/_next/static/chunks/0k5d_next_dist_compiled_react-dom_1ep3e0o._.js:9989
[   36983ms] [TIMESTAMP] AnimatedSection @ http://localhost:3000/_next/static/chunks/0k5d_next_dist_compiled_react-dom_1ep3e0o._.js:2804
[   36983ms] [TIMESTAMP] AnimatedSection @ http://localhost:3000/_next/static/chunks/0k5d_next_dist_compiled_react-dom_1ep3e0o._.js:2804
[   36983ms] [TIMESTAMP] Remaining Effects @ http://localhost:3000/_next/static/chunks/0k5d_next_dist_compiled_react-dom_1ep3e0o._.js:10005
[   63950ms] [LOG] [Fast Refresh] rebuilding @ http://localhost:3000/_next/static/chunks/0k5d_next_dist_1qmvpb9._.js:2477
[   63952ms] [TIMESTAMP] Blocking Track @ http://localhost:3000/_next/static/chunks/0k5d_next_dist_compiled_react-dom_1ep3e0o._.js:9246
[   63952ms] [TIMESTAMP] Transition Track @ http://localhost:3000/_next/static/chunks/0k5d_next_dist_compiled_react-dom_1ep3e0o._.js:9246
[   63952ms] [TIMESTAMP] Suspense Track @ http://localhost:3000/_next/static/chunks/0k5d_next_dist_compiled_react-dom_1ep3e0o._.js:9246
[   63953ms] [TIMESTAMP] Idle Track @ http://localhost:3000/_next/static/chunks/0k5d_next_dist_compiled_react-dom_1ep3e0o._.js:9246
[   63953ms] [TIMESTAMP] Event: message @ http://localhost:3000/_next/static/chunks/0k5d_next_dist_compiled_react-dom_1ep3e0o._.js:9281
[   63958ms] [TIMESTAMP] Render @ http://localhost:3000/_next/static/chunks/0k5d_next_dist_compiled_react-dom_1ep3e0o._.js:9696
[   63958ms] [TIMESTAMP] Commit @ http://localhost:3000/_next/static/chunks/0k5d_next_dist_compiled_react-dom_1ep3e0o._.js:2915
[   63958ms] [TIMESTAMP] Router @ http://localhost:3000/_next/static/chunks/0k5d_next_dist_compiled_react-dom_1ep3e0o._.js:2804
[   63959ms] [TIMESTAMP] HistoryUpdater @ http://localhost:3000/_next/static/chunks/0k5d_next_dist_compiled_react-dom_1ep3e0o._.js:2804
[   63959ms] [TIMESTAMP] ReplaySsrOnlyErrors @ http://localhost:3000/_next/static/chunks/0k5d_next_dist_compiled_react-dom_1ep3e0o._.js:2804
[   63959ms] [TIMESTAMP] Remaining Effects @ http://localhost:3000/_next/static/chunks/0k5d_next_dist_compiled_react-dom_1ep3e0o._.js:10005
[   63964ms] [TIMESTAMP] Server Requests Track @ http://localhost:3000/_next/static/chunks/0k5d_next_dist_compiled_react-server-dom-turbopack_0pvk2an._.js:710
[   63964ms] [TIMESTAMP] Server Components Track @ http://localhost:3000/_next/static/chunks/0k5d_next_dist_compiled_react-server-dom-turbopack_0pvk2an._.js:710
[   63967ms] [TIMESTAMP] Blocking Track @ http://localhost:3000/_next/static/chunks/0k5d_next_dist_compiled_react-dom_1ep3e0o._.js:9246
[   63968ms] [TIMESTAMP] Transition Track @ http://localhost:3000/_next/static/chunks/0k5d_next_dist_compiled_react-dom_1ep3e0o._.js:9246
[   63968ms] [TIMESTAMP] Suspense Track @ http://localhost:3000/_next/static/chunks/0k5d_next_dist_compiled_react-dom_1ep3e0o._.js:9246
[   63969ms] [TIMESTAMP] Idle Track @ http://localhost:3000/_next/static/chunks/0k5d_next_dist_compiled_react-dom_1ep3e0o._.js:9246
[   63969ms] [TIMESTAMP] Event: message @ http://localhost:3000/_next/static/chunks/0k5d_next_dist_compiled_react-dom_1ep3e0o._.js:9310
[   63975ms] [TIMESTAMP] Prewarm @ http://localhost:3000/_next/static/chunks/0k5d_next_dist_compiled_react-dom_1ep3e0o._.js:2877
[   63984ms] [LOG] [Fast Refresh] done in 52ms @ http://localhost:3000/_next/static/chunks/0k5d_next_dist_1qmvpb9._.js:2477
[   64088ms] [TIMESTAMP] Blocking Track @ http://localhost:3000/_next/static/chunks/0k5d_next_dist_compiled_react-dom_1ep3e0o._.js:9246
[   64089ms] [TIMESTAMP] Transition Track @ http://localhost:3000/_next/static/chunks/0k5d_next_dist_compiled_react-dom_1ep3e0o._.js:9246
[   64089ms] [TIMESTAMP] Suspense Track @ http://localhost:3000/_next/static/chunks/0k5d_next_dist_compiled_react-dom_1ep3e0o._.js:9246
[   64089ms] [TIMESTAMP] Idle Track @ http://localhost:3000/_next/static/chunks/0k5d_next_dist_compiled_react-dom_1ep3e0o._.js:9246
[   64089ms] [TIMESTAMP] Suspended @ http://localhost:3000/_next/static/chunks/0k5d_next_dist_compiled_react-dom_1ep3e0o._.js:2880
[   64099ms] [TIMESTAMP] Blocked @ http://localhost:3000/_next/static/chunks/0k5d_next_dist_compiled_react-dom_1ep3e0o._.js:9057
[   64115ms] [TIMESTAMP] Render @ http://localhost:3000/_next/static/chunks/0k5d_next_dist_compiled_react-dom_1ep3e0o._.js:9696
[   64127ms] [TIMESTAMP] Commit @ http://localhost:3000/_next/static/chunks/0k5d_next_dist_compiled_react-dom_1ep3e0o._.js:2915
[   64130ms] [TIMESTAMP] Waiting for Paint @ http://localhost:3000/_next/static/chunks/0k5d_next_dist_compiled_react-dom_1ep3e0o._.js:9989
[   64130ms] [TIMESTAMP] Router @ http://localhost:3000/_next/static/chunks/0k5d_next_dist_compiled_react-dom_1ep3e0o._.js:2804
[   64131ms] [TIMESTAMP] ReplaySsrOnlyErrors @ http://localhost:3000/_next/static/chunks/0k5d_next_dist_compiled_react-dom_1ep3e0o._.js:2804
[   64131ms] [TIMESTAMP] __next_viewport_boundary__ @ http://localhost:3000/_next/static/chunks/0k5d_next_dist_compiled_react-dom_1ep3e0o._.js:2804
[   64131ms] [TIMESTAMP] __next_metadata_boundary__ @ http://localhost:3000/_next/static/chunks/0k5d_next_dist_compiled_react-dom_1ep3e0o._.js:2804
[   64131ms] [TIMESTAMP] IconMark @ http://localhost:3000/_next/static/chunks/0k5d_next_dist_compiled_react-dom_1ep3e0o._.js:2804
[   64131ms] [TIMESTAMP] SegmentTrieNode @ http://localhost:3000/_next/static/chunks/0k5d_next_dist_compiled_react-dom_1ep3e0o._.js:2804
[   64131ms] [TIMESTAMP] RenderFromTemplateContext @ http://localhost:3000/_next/static/chunks/0k5d_next_dist_compiled_react-dom_1ep3e0o._.js:2804
[   64131ms] [TIMESTAMP] SegmentTrieNode @ http://localhost:3000/_next/static/chunks/0k5d_next_dist_compiled_react-dom_1ep3e0o._.js:2804
[   64132ms] [TIMESTAMP] SegmentViewStateNode @ http://localhost:3000/_next/static/chunks/0k5d_next_dist_compiled_react-dom_1ep3e0o._.js:2804
[   64132ms] [TIMESTAMP] Remaining Effects @ http://localhost:3000/_next/static/chunks/0k5d_next_dist_compiled_react-dom_1ep3e0o._.js:10005
[   64205ms] [TIMESTAMP] Server Requests Track @ http://localhost:3000/_next/static/chunks/0k5d_next_dist_compiled_react-server-dom-turbopack_0pvk2an._.js:710
[   64205ms] [TIMESTAMP] Server Components Track @ http://localhost:3000/_next/static/chunks/0k5d_next_dist_compiled_react-server-dom-turbopack_0pvk2an._.js:710
[   64205ms] [TIMESTAMP] ​HTTPAccessErrorFallback @ http://localhost:3000/_next/static/chunks/0k5d_next_dist_compiled_react-server-dom-turbopack_0pvk2an._.js:2219
[   64206ms] [TIMESTAMP] ​NotFound @ http://localhost:3000/_next/static/chunks/0k5d_next_dist_compiled_react-server-dom-turbopack_0pvk2an._.js:2219
[   64206ms] [TIMESTAMP] ​RootLayout @ http://localhost:3000/_next/static/chunks/0k5d_next_dist_compiled_react-server-dom-turbopack_0pvk2an._.js:2219
[   64206ms] [TIMESTAMP] ​Button @ http://localhost:3000/_next/static/chunks/0k5d_next_dist_compiled_react-server-dom-turbopack_0pvk2an._.js:2219
[   64206ms] [TIMESTAMP] ​Navbar @ http://localhost:3000/_next/static/chunks/0k5d_next_dist_compiled_react-server-dom-turbopack_0pvk2an._.js:2219
[   64206ms] [TIMESTAMP] ​Button @ http://localhost:3000/_next/static/chunks/0k5d_next_dist_compiled_react-server-dom-turbopack_0pvk2an._.js:2219
[   64206ms] [TIMESTAMP] ​Button @ http://localhost:3000/_next/static/chunks/0k5d_next_dist_compiled_react-server-dom-turbopack_0pvk2an._.js:2219
[   64206ms] [TIMESTAMP] ​MockPage1 @ http://localhost:3000/_next/static/chunks/0k5d_next_dist_compiled_react-server-dom-turbopack_0pvk2an._.js:2219
[   64207ms] [TIMESTAMP] ​KindlePage @ http://localhost:3000/_next/static/chunks/0k5d_next_dist_compiled_react-server-dom-turbopack_0pvk2an._.js:2219
[   64207ms] [TIMESTAMP] ​MockPage2 @ http://localhost:3000/_next/static/chunks/0k5d_next_dist_compiled_react-server-dom-turbopack_0pvk2an._.js:2219
[   64207ms] [TIMESTAMP] ​KindlePage @ http://localhost:3000/_next/static/chunks/0k5d_next_dist_compiled_react-server-dom-turbopack_0pvk2an._.js:2219
[   64207ms] [TIMESTAMP] ​MockPage3 @ http://localhost:3000/_next/static/chunks/0k5d_next_dist_compiled_react-server-dom-turbopack_0pvk2an._.js:2219
[   64207ms] [TIMESTAMP] ​KindlePage @ http://localhost:3000/_next/static/chunks/0k5d_next_dist_compiled_react-server-dom-turbopack_0pvk2an._.js:2219
[   64209ms] [TIMESTAMP] ​KindleIllustration @ http://localhost:3000/_next/static/chunks/0k5d_next_dist_compiled_react-server-dom-turbopack_0pvk2an._.js:2219
[   64210ms] [TIMESTAMP] ​Hero @ http://localhost:3000/_next/static/chunks/0k5d_next_dist_compiled_react-server-dom-turbopack_0pvk2an._.js:2219
[   64210ms] [TIMESTAMP] ​SocialProofBar @ http://localhost:3000/_next/static/chunks/0k5d_next_dist_compiled_react-server-dom-turbopack_0pvk2an._.js:2219
[   64210ms] [TIMESTAMP] ​FeatureCard @ http://localhost:3000/_next/static/chunks/0k5d_next_dist_compiled_react-server-dom-turbopack_0pvk2an._.js:2219
[   64210ms] [TIMESTAMP] ​FeatureCard @ http://localhost:3000/_next/static/chunks/0k5d_next_dist_compiled_react-server-dom-turbopack_0pvk2an._.js:2219
[   64210ms] [TIMESTAMP] ​FeatureCard @ http://localhost:3000/_next/static/chunks/0k5d_next_dist_compiled_react-server-dom-turbopack_0pvk2an._.js:2219
[   64210ms] [TIMESTAMP] ​FeatureCard @ http://localhost:3000/_next/static/chunks/0k5d_next_dist_compiled_react-server-dom-turbopack_0pvk2an._.js:2219
[   64210ms] [TIMESTAMP] ​FeatureCard @ http://localhost:3000/_next/static/chunks/0k5d_next_dist_compiled_react-server-dom-turbopack_0pvk2an._.js:2219
[   64210ms] [TIMESTAMP] ​FeatureCard @ http://localhost:3000/_next/static/chunks/0k5d_next_dist_compiled_react-server-dom-turbopack_0pvk2an._.js:2219
[   64210ms] [TIMESTAMP] ​FeaturesGrid @ http://localhost:3000/_next/static/chunks/0k5d_next_dist_compiled_react-server-dom-turbopack_0pvk2an._.js:2219
[   64210ms] [TIMESTAMP] ​StepItem @ http://localhost:3000/_next/static/chunks/0k5d_next_dist_compiled_react-server-dom-turbopack_0pvk2an._.js:2219
[   64210ms] [TIMESTAMP] ​StepItem @ http://localhost:3000/_next/static/chunks/0k5d_next_dist_compiled_react-server-dom-turbopack_0pvk2an._.js:2219
[   64210ms] [TIMESTAMP] ​StepItem @ http://localhost:3000/_next/static/chunks/0k5d_next_dist_compiled_react-server-dom-turbopack_0pvk2an._.js:2219
[   64210ms] [TIMESTAMP] ​StepItem @ http://localhost:3000/_next/static/chunks/0k5d_next_dist_compiled_react-server-dom-turbopack_0pvk2an._.js:2219
[   64210ms] [TIMESTAMP] ​HowItWorks @ http://localhost:3000/_next/static/chunks/0k5d_next_dist_compiled_react-server-dom-turbopack_0pvk2an._.js:2219
[   64210ms] [TIMESTAMP] ​StepItem @ http://localhost:3000/_next/static/chunks/0k5d_next_dist_compiled_react-server-dom-turbopack_0pvk2an._.js:2219
[   64210ms] [TIMESTAMP] ​StepItem @ http://localhost:3000/_next/static/chunks/0k5d_next_dist_compiled_react-server-dom-turbopack_0pvk2an._.js:2219
[   64210ms] [TIMESTAMP] ​StepItem @ http://localhost:3000/_next/static/chunks/0k5d_next_dist_compiled_react-server-dom-turbopack_0pvk2an._.js:2219
[   64211ms] [TIMESTAMP] ​StepItem @ http://localhost:3000/_next/static/chunks/0k5d_next_dist_compiled_react-server-dom-turbopack_0pvk2an._.js:2219
[   64211ms] [TIMESTAMP] ​StepItem @ http://localhost:3000/_next/static/chunks/0k5d_next_dist_compiled_react-server-dom-turbopack_0pvk2an._.js:2219
[   64211ms] [TIMESTAMP] ​KindleSetup @ http://localhost:3000/_next/static/chunks/0k5d_next_dist_compiled_react-server-dom-turbopack_0pvk2an._.js:2219
[   64211ms] [TIMESTAMP] ​PrivacySection @ http://localhost:3000/_next/static/chunks/0k5d_next_dist_compiled_react-server-dom-turbopack_0pvk2an._.js:2219
[   64211ms] [TIMESTAMP] ​Button @ http://localhost:3000/_next/static/chunks/0k5d_next_dist_compiled_react-server-dom-turbopack_0pvk2an._.js:2219
[   64211ms] [TIMESTAMP] ​CtaBanner @ http://localhost:3000/_next/static/chunks/0k5d_next_dist_compiled_react-server-dom-turbopack_0pvk2an._.js:2219
[   64212ms] [TIMESTAMP] ​Footer @ http://localhost:3000/_next/static/chunks/0k5d_next_dist_compiled_react-server-dom-turbopack_0pvk2an._.js:2219
[   64212ms] [TIMESTAMP] ​Home @ http://localhost:3000/_next/static/chunks/0k5d_next_dist_compiled_react-server-dom-turbopack_0pvk2an._.js:2219
[   64212ms] [TIMESTAMP] ​Next.MetadataOutlet @ http://localhost:3000/_next/static/chunks/0k5d_next_dist_compiled_react-server-dom-turbopack_0pvk2an._.js:2219
[   64212ms] [TIMESTAMP] ​NonIndex @ http://localhost:3000/_next/static/chunks/0k5d_next_dist_compiled_react-server-dom-turbopack_0pvk2an._.js:2219
[   64213ms] [TIMESTAMP] ​Next.Viewport @ http://localhost:3000/_next/static/chunks/0k5d_next_dist_compiled_react-server-dom-turbopack_0pvk2an._.js:2219
[   64214ms] [TIMESTAMP] ​ViewportWrapper @ http://localhost:3000/_next/static/chunks/0k5d_next_dist_compiled_react-server-dom-turbopack_0pvk2an._.js:2219
[   64214ms] [TIMESTAMP] ​Next.Metadata @ http://localhost:3000/_next/static/chunks/0k5d_next_dist_compiled_react-server-dom-turbopack_0pvk2an._.js:2219
[   64214ms] [TIMESTAMP] ​MetadataWrapper @ http://localhost:3000/_next/static/chunks/0k5d_next_dist_compiled_react-server-dom-turbopack_0pvk2an._.js:2219
